2021-11-14 12:24:27 INFO  ApacheHttpClient.getFilteredTasks(336) - responseCode = 200
2021-11-14 12:24:32 INFO  ApacheHttpClient.getTaskTemplateInfo(353) - responseCode = 200
2021-11-14 12:24:32 INFO  TaskInfoSelectorMouseListener.createDirectoryRecursive(77) - File created :/Users/maxsudik/IdeaProjects/CodeGym/CodeGymTasks/2.JavaCore/src/com/codegym/task/task20/task2017
2021-11-14 12:24:32 INFO  ApacheHttpClient.getTask(488) - responseCode = 200
2021-11-14 12:25:00 INFO  ApacheHttpClient.sendEvent(535) - responseCode = 200
2021-11-14 12:26:00 INFO  ApacheHttpClient.sendEvent(535) - responseCode = 200
2021-11-14 12:27:00 INFO  ApacheHttpClient.sendEvent(535) - responseCode = 200
2021-11-14 12:28:00 INFO  ApacheHttpClient.sendEvent(535) - responseCode = 200
2021-11-14 12:29:00 INFO  ApacheHttpClient.sendEvent(535) - responseCode = 200
2021-11-14 12:30:00 INFO  ApacheHttpClient.sendEvent(535) - responseCode = 200
2021-11-14 12:31:00 INFO  ApacheHttpClient.sendEvent(535) - responseCode = 200
2021-11-14 12:31:25 INFO  ApacheHttpClient.getWebResourceAsStream(502) - responseCode = 200
2021-11-14 12:31:25 INFO  ApacheHttpClient.getTask(488) - responseCode = 200
2021-11-14 12:31:28 INFO  ApacheHttpClient.completed(32) - responseCode = 200
2021-11-14 12:31:29 INFO  ApacheHttpClient.getTask(488) - responseCode = 200
2021-11-14 12:31:32 INFO  ApacheHttpClient.getWebResourceAsStream(502) - responseCode = 200
2021-11-14 12:31:32 INFO  ApacheHttpClient.getFilteredTasks(336) - responseCode = 200
2021-11-14 12:31:35 INFO  ApacheHttpClient.getTaskTemplateInfo(353) - responseCode = 200
2021-11-14 12:31:35 INFO  TaskInfoSelectorMouseListener.createDirectoryRecursive(77) - File created :/Users/maxsudik/IdeaProjects/CodeGym/CodeGymTasks/2.JavaCore/src/com/codegym/task/task20/task2018
2021-11-14 12:31:35 INFO  ApacheHttpClient.getTask(488) - responseCode = 200
2021-11-14 12:31:35 INFO  ApacheHttpClient.getTaskTemplateInfo(353) - responseCode = 200
2021-11-14 12:32:00 INFO  ApacheHttpClient.sendEvent(535) - responseCode = 200
2021-11-14 12:33:00 INFO  ApacheHttpClient.sendEvent(535) - responseCode = 200
2021-11-14 12:33:18 INFO  ApacheHttpClient.getWebResourceAsStream(502) - responseCode = 200
2021-11-14 12:33:18 INFO  ApacheHttpClient.getFilteredTasks(336) - responseCode = 200
2021-11-14 12:33:22 INFO  ApacheHttpClient.getWebResourceAsStream(502) - responseCode = 200
2021-11-14 12:34:00 INFO  ApacheHttpClient.sendEvent(535) - responseCode = 200
2021-11-14 12:34:14 INFO  ApacheHttpClient.getWebResourceAsStream(502) - responseCode = 200
2021-11-14 12:34:14 INFO  ApacheHttpClient.getTask(488) - responseCode = 200
2021-11-14 12:34:17 INFO  ApacheHttpClient.completed(32) - responseCode = 200
2021-11-14 12:34:22 INFO  ApacheHttpClient.getWebResourceAsStream(502) - responseCode = 200
2021-11-14 12:34:28 INFO  ApacheHttpClient.getWebResourceAsStream(502) - responseCode = 200
2021-11-14 12:34:28 INFO  ApacheHttpClient.getTask(488) - responseCode = 200
2021-11-14 12:34:32 INFO  ApacheHttpClient.completed(32) - responseCode = 200
2021-11-14 12:34:32 INFO  ApacheHttpClient.getTask(488) - responseCode = 200
2021-11-14 12:34:34 INFO  ApacheHttpClient.getWebResourceAsStream(502) - responseCode = 200
2021-11-14 12:34:34 INFO  ApacheHttpClient.getFilteredTasks(336) - responseCode = 200
2021-11-14 12:34:36 INFO  ApacheHttpClient.getTaskTemplateInfo(353) - responseCode = 200
2021-11-14 12:34:36 INFO  TaskInfoSelectorMouseListener.createDirectoryRecursive(77) - File created :/Users/maxsudik/IdeaProjects/CodeGym/CodeGymTasks/2.JavaCore/src/com/codegym/task/task20/task2019
2021-11-14 12:34:36 INFO  ApacheHttpClient.getTask(488) - responseCode = 200
2021-11-14 12:35:00 INFO  ApacheHttpClient.sendEvent(535) - responseCode = 200
2021-11-14 12:36:00 INFO  ApacheHttpClient.sendEvent(535) - responseCode = 200
2021-11-14 12:37:00 INFO  ApacheHttpClient.sendEvent(535) - responseCode = 200
2021-11-14 12:37:28 INFO  ApacheHttpClient.getWebResourceAsStream(502) - responseCode = 200
2021-11-14 12:37:28 INFO  ApacheHttpClient.getTask(488) - responseCode = 200
2021-11-14 12:37:30 INFO  ApacheHttpClient.completed(32) - responseCode = 200
2021-11-14 12:37:30 INFO  ApacheHttpClient.getTask(488) - responseCode = 200
2021-11-14 12:37:32 INFO  ApacheHttpClient.getWebResourceAsStream(502) - responseCode = 200
2021-11-14 12:37:32 INFO  ApacheHttpClient.getFilteredTasks(336) - responseCode = 200
2021-11-14 12:37:41 INFO  ApacheHttpClient.getTaskTemplateInfo(353) - responseCode = 200
2021-11-14 12:37:41 INFO  TaskInfoSelectorMouseListener.createDirectoryRecursive(77) - File created :/Users/maxsudik/IdeaProjects/CodeGym/CodeGymTasks/2.JavaCore/src/com/codegym/task/task20/task2020
2021-11-14 12:37:41 INFO  ApacheHttpClient.getTask(488) - responseCode = 200
2021-11-14 12:38:00 INFO  ApacheHttpClient.sendEvent(535) - responseCode = 200
2021-11-14 12:39:00 INFO  ApacheHttpClient.sendEvent(535) - responseCode = 200
2021-11-14 12:39:12 INFO  ApacheHttpClient.getWebResourceAsStream(502) - responseCode = 200
2021-11-14 12:39:13 INFO  ApacheHttpClient.getTask(488) - responseCode = 200
2021-11-14 12:39:14 INFO  ApacheHttpClient.completed(32) - responseCode = 200
2021-11-14 12:39:15 INFO  ApacheHttpClient.getTask(488) - responseCode = 200
2021-11-14 12:39:16 INFO  ApacheHttpClient.getWebResourceAsStream(502) - responseCode = 200
2021-11-14 12:39:17 INFO  ApacheHttpClient.getFilteredTasks(336) - responseCode = 200
2021-11-14 12:39:18 INFO  ApacheHttpClient.getTaskTemplateInfo(353) - responseCode = 200
2021-11-14 12:39:18 INFO  TaskInfoSelectorMouseListener.createDirectoryRecursive(77) - File created :/Users/maxsudik/IdeaProjects/CodeGym/CodeGymTasks/2.JavaCore/src/com/codegym/task/task20/task2021
2021-11-14 12:39:18 INFO  ApacheHttpClient.getTask(488) - responseCode = 200
2021-11-14 12:39:53 INFO  ApacheHttpClient.getWebResourceAsStream(502) - responseCode = 200
2021-11-14 12:39:54 INFO  ApacheHttpClient.getTask(488) - responseCode = 200
2021-11-14 12:39:55 INFO  ApacheHttpClient.completed(32) - responseCode = 200
2021-11-14 12:40:00 INFO  ApacheHttpClient.sendEvent(535) - responseCode = 200
2021-11-14 12:40:14 INFO  ApacheHttpClient.getWebResourceAsStream(502) - responseCode = 200
2021-11-14 12:40:14 INFO  ApacheHttpClient.getTask(488) - responseCode = 200
2021-11-14 12:40:16 INFO  ApacheHttpClient.completed(32) - responseCode = 200
2021-11-14 12:40:18 INFO  ApacheHttpClient.getWebResourceAsStream(502) - responseCode = 200
2021-11-14 12:40:18 WARN  PluginUtil.getCurrentTask(78) - Error while retrieving the task key.
java.lang.StringIndexOutOfBoundsException: String index out of range: -1
	at java.base/java.lang.String.substring(String.java:1837)
	at com.homework.plugin.PluginUtil.getCurrentVirtualFile(PluginUtil.java:158)
	at com.homework.plugin.PluginUtil.getCurrentTask(PluginUtil.java:69)
	at com.homework.plugin.button.CorrectSolutionButton.actionPerformed(CorrectSolutionButton.java:59)
	at com.intellij.openapi.actionSystem.impl.ActionButton.actionPerformed(ActionButton.java:171)
	at com.intellij.openapi.actionSystem.impl.ActionButton.lambda$performAction$0(ActionButton.java:150)
	at com.intellij.openapi.actionSystem.ex.ActionUtil.performDumbAwareWithCallbacks(ActionUtil.java:261)
	at com.intellij.openapi.actionSystem.impl.ActionButton.performAction(ActionButton.java:150)
	at com.intellij.openapi.actionSystem.impl.ActionButton.processMouseEvent(ActionButton.java:427)
	at java.desktop/java.awt.Component.processEvent(Component.java:6417)
	at java.desktop/java.awt.Container.processEvent(Container.java:2263)
	at java.desktop/java.awt.Component.dispatchEventImpl(Component.java:5027)
	at java.desktop/java.awt.Container.dispatchEventImpl(Container.java:2321)
	at java.desktop/java.awt.Component.dispatchEvent(Component.java:4859)
	at java.desktop/java.awt.LightweightDispatcher.retargetMouseEvent(Container.java:4918)
	at java.desktop/java.awt.LightweightDispatcher.processMouseEvent(Container.java:4547)
	at java.desktop/java.awt.LightweightDispatcher.dispatchEvent(Container.java:4488)
	at java.desktop/java.awt.Container.dispatchEventImpl(Container.java:2307)
	at java.desktop/java.awt.Window.dispatchEventImpl(Window.java:2784)
	at java.desktop/java.awt.Component.dispatchEvent(Component.java:4859)
	at java.desktop/java.awt.EventQueue.dispatchEventImpl(EventQueue.java:778)
	at java.desktop/java.awt.EventQueue$4.run(EventQueue.java:727)
	at java.desktop/java.awt.EventQueue$4.run(EventQueue.java:721)
	at java.base/java.security.AccessController.doPrivileged(Native Method)
	at java.base/java.security.ProtectionDomain$JavaSecurityAccessImpl.doIntersectionPrivilege(ProtectionDomain.java:85)
	at java.base/java.security.ProtectionDomain$JavaSecurityAccessImpl.doIntersectionPrivilege(ProtectionDomain.java:95)
	at java.desktop/java.awt.EventQueue$5.run(EventQueue.java:751)
	at java.desktop/java.awt.EventQueue$5.run(EventQueue.java:749)
	at java.base/java.security.AccessController.doPrivileged(Native Method)
	at java.base/java.security.ProtectionDomain$JavaSecurityAccessImpl.doIntersectionPrivilege(ProtectionDomain.java:85)
	at java.desktop/java.awt.EventQueue.dispatchEvent(EventQueue.java:748)
	at com.intellij.ide.IdeEventQueue.defaultDispatchEvent(IdeEventQueue.java:885)
	at com.intellij.ide.IdeEventQueue.dispatchMouseEvent(IdeEventQueue.java:814)
	at com.intellij.ide.IdeEventQueue._dispatchEvent(IdeEventQueue.java:751)
	at com.intellij.ide.IdeEventQueue.lambda$dispatchEvent$6(IdeEventQueue.java:441)
	at com.intellij.openapi.progress.impl.CoreProgressManager.computePrioritized(CoreProgressManager.java:825)
	at com.intellij.ide.IdeEventQueue.lambda$dispatchEvent$7(IdeEventQueue.java:440)
	at com.intellij.openapi.application.impl.ApplicationImpl.runIntendedWriteActionOnCurrentThread(ApplicationImpl.java:794)
	at com.intellij.ide.IdeEventQueue.dispatchEvent(IdeEventQueue.java:492)
	at java.desktop/java.awt.EventDispatchThread.pumpOneEventForFilters(EventDispatchThread.java:203)
	at java.desktop/java.awt.EventDispatchThread.pumpEventsForFilter(EventDispatchThread.java:124)
	at java.desktop/java.awt.EventDispatchThread.pumpEventsForHierarchy(EventDispatchThread.java:113)
	at java.desktop/java.awt.EventDispatchThread.pumpEvents(EventDispatchThread.java:109)
	at java.desktop/java.awt.EventDispatchThread.pumpEvents(EventDispatchThread.java:101)
	at java.desktop/java.awt.EventDispatchThread.run(EventDispatchThread.java:90)
2021-11-14 12:40:43 INFO  ApacheHttpClient.getWebResourceAsStream(502) - responseCode = 200
2021-11-14 12:40:43 INFO  ApacheHttpClient.getTask(488) - responseCode = 200
2021-11-14 12:40:45 INFO  ApacheHttpClient.completed(32) - responseCode = 200
2021-11-14 12:40:45 INFO  ApacheHttpClient.getTask(488) - responseCode = 200
2021-11-14 12:40:47 INFO  ApacheHttpClient.getWebResourceAsStream(502) - responseCode = 200
2021-11-14 12:40:47 INFO  ApacheHttpClient.getFilteredTasks(336) - responseCode = 200
2021-11-14 12:40:52 INFO  ApacheHttpClient.getTaskTemplateInfo(353) - responseCode = 200
2021-11-14 12:40:52 INFO  TaskInfoSelectorMouseListener.createDirectoryRecursive(77) - File created :/Users/maxsudik/IdeaProjects/CodeGym/CodeGymTasks/2.JavaCore/src/com/codegym/task/task20/task2022
2021-11-14 12:40:52 INFO  ApacheHttpClient.getTask(488) - responseCode = 200
2021-11-14 12:40:53 INFO  ApacheHttpClient.getTaskTemplateInfo(353) - responseCode = 200
2021-11-14 12:41:00 INFO  ApacheHttpClient.sendEvent(535) - responseCode = 200
2021-11-14 12:42:00 INFO  ApacheHttpClient.sendEvent(535) - responseCode = 200
2021-11-14 12:42:18 INFO  ApacheHttpClient.getWebResourceAsStream(502) - responseCode = 200
2021-11-14 12:42:42 INFO  ApacheHttpClient.getWebResourceAsStream(502) - responseCode = 200
2021-11-14 12:42:42 INFO  ApacheHttpClient.getTask(488) - responseCode = 200
2021-11-14 12:42:46 INFO  ApacheHttpClient.completed(32) - responseCode = 200
2021-11-14 12:42:47 INFO  ApacheHttpClient.getTask(488) - responseCode = 200
2021-11-14 12:42:48 INFO  ApacheHttpClient.getWebResourceAsStream(502) - responseCode = 200
2021-11-14 12:42:48 INFO  ApacheHttpClient.getFilteredTasks(336) - responseCode = 200
2021-11-14 12:42:52 INFO  ApacheHttpClient.getTaskTemplateInfo(353) - responseCode = 200
2021-11-14 12:42:52 INFO  TaskInfoSelectorMouseListener.createDirectoryRecursive(77) - File created :/Users/maxsudik/IdeaProjects/CodeGym/CodeGymTasks/2.JavaCore/src/com/codegym/task/task20/task2023
2021-11-14 12:42:52 INFO  ApacheHttpClient.getTask(488) - responseCode = 200
2021-11-14 12:43:00 INFO  ApacheHttpClient.sendEvent(535) - responseCode = 200
2021-11-14 12:44:00 INFO  ApacheHttpClient.sendEvent(535) - responseCode = 200
2021-11-14 12:45:00 INFO  ApacheHttpClient.sendEvent(535) - responseCode = 200
2021-11-14 12:45:30 INFO  ApacheHttpClient.getWebResourceAsStream(502) - responseCode = 200
2021-11-14 12:45:51 INFO  ApacheHttpClient.getWebResourceAsStream(502) - responseCode = 200
2021-11-14 12:45:52 INFO  ApacheHttpClient.getTask(488) - responseCode = 200
2021-11-14 12:45:54 INFO  ApacheHttpClient.completed(32) - responseCode = 200
2021-11-14 12:45:58 INFO  ApacheHttpClient.getWebResourceAsStream(502) - responseCode = 200
2021-11-14 12:46:00 INFO  ApacheHttpClient.sendEvent(535) - responseCode = 200
2021-11-14 12:46:07 INFO  ApacheHttpClient.getWebResourceAsStream(502) - responseCode = 200
2021-11-14 12:46:07 INFO  ApacheHttpClient.getTask(488) - responseCode = 200
2021-11-14 12:46:10 INFO  ApacheHttpClient.completed(32) - responseCode = 200
2021-11-14 12:46:10 INFO  ApacheHttpClient.getTask(488) - responseCode = 200
2021-11-14 12:46:12 INFO  ApacheHttpClient.getWebResourceAsStream(502) - responseCode = 200
2021-11-14 12:46:13 INFO  ApacheHttpClient.getFilteredTasks(336) - responseCode = 200
2021-11-14 12:46:15 INFO  ApacheHttpClient.getTaskTemplateInfo(353) - responseCode = 200
2021-11-14 12:46:15 INFO  TaskInfoSelectorMouseListener.createDirectoryRecursive(77) - File created :/Users/maxsudik/IdeaProjects/CodeGym/CodeGymTasks/2.JavaCore/src/com/codegym/task/task20/task2024
2021-11-14 12:46:15 INFO  ApacheHttpClient.getTask(488) - responseCode = 200
2021-11-14 12:47:00 INFO  ApacheHttpClient.sendEvent(535) - responseCode = 200
2021-11-14 12:47:02 INFO  ApacheHttpClient.getWebResourceAsStream(502) - responseCode = 200
2021-11-14 12:47:03 INFO  ApacheHttpClient.getTask(488) - responseCode = 200
2021-11-14 12:47:04 INFO  ApacheHttpClient.completed(32) - responseCode = 200
2021-11-14 12:47:04 INFO  ApacheHttpClient.getTask(488) - responseCode = 200
2021-11-14 12:47:09 INFO  ApacheHttpClient.getWebResourceAsStream(502) - responseCode = 200
2021-11-14 12:47:09 INFO  ApacheHttpClient.getFilteredTasks(336) - responseCode = 200
2021-11-14 12:47:11 INFO  ApacheHttpClient.getTaskTemplateInfo(353) - responseCode = 200
2021-11-14 12:47:11 INFO  TaskInfoSelectorMouseListener.createDirectoryRecursive(77) - File created :/Users/maxsudik/IdeaProjects/CodeGym/CodeGymTasks/2.JavaCore/src/com/codegym/task/task20/task2025
2021-11-14 12:47:11 INFO  ApacheHttpClient.getTask(488) - responseCode = 200
2021-11-14 12:47:48 INFO  ApacheHttpClient.getWebResourceAsStream(502) - responseCode = 200
2021-11-14 12:48:00 INFO  ApacheHttpClient.sendEvent(535) - responseCode = 200
2021-11-14 12:48:03 INFO  ApacheHttpClient.getWebResourceAsStream(502) - responseCode = 200
2021-11-14 12:48:03 INFO  ApacheHttpClient.getTask(488) - responseCode = 200
2021-11-14 12:48:05 INFO  ApacheHttpClient.completed(32) - responseCode = 200
2021-11-14 12:48:05 INFO  ApacheHttpClient.getTask(488) - responseCode = 200
2021-11-14 12:48:07 INFO  ApacheHttpClient.getWebResourceAsStream(502) - responseCode = 200
2021-11-14 12:48:07 INFO  ApacheHttpClient.getFilteredTasks(336) - responseCode = 200
2021-11-14 12:48:09 INFO  ApacheHttpClient.getTaskTemplateInfo(353) - responseCode = 200
2021-11-14 12:48:09 INFO  TaskInfoSelectorMouseListener.createDirectoryRecursive(77) - File created :/Users/maxsudik/IdeaProjects/CodeGym/CodeGymTasks/2.JavaCore/src/com/codegym/task/task20/task2026
2021-11-14 12:48:09 INFO  ApacheHttpClient.getTask(488) - responseCode = 200
2021-11-14 12:49:00 INFO  ApacheHttpClient.sendEvent(535) - responseCode = 200
2021-11-14 12:49:27 INFO  ApacheHttpClient.getWebResourceAsStream(502) - responseCode = 200
2021-11-14 12:49:35 INFO  ApacheHttpClient.getWebResourceAsStream(502) - responseCode = 200
2021-11-14 12:49:36 INFO  ApacheHttpClient.getTask(488) - responseCode = 200
2021-11-14 12:49:38 INFO  ApacheHttpClient.completed(32) - responseCode = 200
2021-11-14 12:49:38 INFO  ApacheHttpClient.getTask(488) - responseCode = 200
2021-11-14 12:49:40 INFO  ApacheHttpClient.getWebResourceAsStream(502) - responseCode = 200
2021-11-14 12:49:40 INFO  ApacheHttpClient.getFilteredTasks(336) - responseCode = 200
2021-11-14 12:49:43 INFO  ApacheHttpClient.getTaskTemplateInfo(353) - responseCode = 200
2021-11-14 12:49:43 INFO  TaskInfoSelectorMouseListener.createDirectoryRecursive(77) - File created :/Users/maxsudik/IdeaProjects/CodeGym/CodeGymTasks/2.JavaCore/src/com/codegym/task/task20/task2027
2021-11-14 12:49:43 INFO  ApacheHttpClient.getTask(488) - responseCode = 200
2021-11-14 12:49:49 INFO  ApacheHttpClient.getWebResourceAsStream(502) - responseCode = 200
2021-11-14 12:50:00 INFO  ApacheHttpClient.sendEvent(535) - responseCode = 200
2021-11-14 12:50:03 INFO  ApacheHttpClient.getWebResourceAsStream(502) - responseCode = 200
2021-11-14 12:50:03 INFO  ApacheHttpClient.getTask(488) - responseCode = 200
2021-11-14 12:50:05 INFO  ApacheHttpClient.completed(32) - responseCode = 200
2021-11-14 12:50:05 INFO  ApacheHttpClient.getTask(488) - responseCode = 200
2021-11-14 12:51:00 INFO  ApacheHttpClient.sendEvent(535) - responseCode = 200
2021-11-14 12:51:00 INFO  ApacheHttpClient.sendEvent(535) - responseCode = 200
